make all --print-data-base --no-builtin-variables --no-builtin-rules --question
# GNU Make 3.81
# Copyright (C) 2006  Free Software Foundation, Inc.
# This is free software; see the source for copying conditions.
# There is NO warranty; not even for MERCHANTABILITY or FITNESS FOR A
# PARTICULAR PURPOSE.

# This program built for i386-apple-darwin11.3.0
 

# Make data base, printed on Tue May 17 17:26:34 2022

# Variables

# automatic
<D = $(patsubst %/,%,$(dir $<))
# automatic
 
?F = $(notdir $?)
# environment
VSCODE_LOG_NATIVE = false
# environment
NVM_INC = /Users/zhangziwen/.nvm/versions/node/v15.14.0/include/node
# automatic
?D = $(patsubst %/,%,$(dir $?))
# environment
GRADLE_HOME = /Users/zhangziwen/codeapp/gradle-4.6-all/gradle-4.6
# environment
CPPFLAGS = -I/opt/homebrew/opt/openssl@3/include
# automatic
@D = $(patsubst %/,%,$(dir $@))
# automatic
@F = $(notdir $@)
# makefile
CURDIR := /Users/zhangziwen/go/src/6.824
# makefile
SHELL = /bin/sh
# environment
VSCODE_NLS_CONFIG = {"locale":"zh-cn","availableLanguages":{"*":"zh-cn"},"_languagePackId":"42e84e0914b17800d483f69e299e1b00.zh-cn","_translationsConfigFile":"/Users/zhangziwen/Library/Application Support/Code - Insiders/clp/42e84e0914b17800d483f69e299e1b00.zh-cn/tcf.json","_cacheRoot":"/Users/zhangziwen/Library/Application Support/Code - Insiders/clp/42e84e0914b17800d483f69e299e1b00.zh-cn","_resolvedLanguagePackCoreLocation":"/Users/zhangziwen/Library/Application Support/Code - Insiders/clp/42e84e0914b17800d483f69e299e1b00.zh-cn/9c29becfad5f68270b9b23efeafb147722c5feba","_corruptedFile":"/Users/zhangziwen/Library/Application Support/Code - Insiders/clp/42e84e0914b17800d483f69e299e1b00.zh-cn/corrupted.info","_languagePackSupport":true}
# environment
ZSH_HIGHLIGHT_HIGHLIGHTERS_DIR = /opt/homebrew/share/zsh-syntax-highlighting/highlighters
# environment
_ = /usr/bin/make
# makefile (from `Makefile', line 1)
MAKEFILE_LIST :=  Makefile
# environment
HADOOP_ROOT_LOGGER = INFO,console
# environment
VSCODE_AMD_ENTRYPOINT = vs/workbench/api/node/extensionHostProcess
# environment
VSCODE_VERBOSE_LOGGING = true
# environment
__CFBundleIdentifier = com.microsoft.VSCodeInsiders
# environment
INFOPATH = /opt/homebrew/share/info:
# environment
VSCODE_IPC_HOOK_EXTHOST = /var/folders/t_/b7zvj82n5zq6xw1j86zyw_zc0000gn/T/vscode-ipc-f68e1f65-8a7e-4aa8-945a-368bfbf1158a.sock
# environment
VSCODE_CWD = /
# environment
FLINK_HOME = /Users/zhangziwen/codeapp/flink-1.13.6
# environment
GOPROXY = https://goproxy.cn,direct
# environment
PATH = /usr/local/go/bin:/opt/homebrew/Caskroom/miniforge/base/bin:/opt/homebrew/Caskroom/miniforge/base/condabin:/Users/zhangziwen/.nvm/versions/node/v15.14.0/bin:/Users/zhangziwen/.yarn/bin:/opt/homebrew/Cellar/protobuf/3.19.4/bin:/Users/zhangziwen/codeapp/flink-1.13.6/bin:/Users/zhangziwen/codeapp/gradle-4.6-all/gradle-4.6/bin:/Users/zhangziwen/codeapp/apache-hive-3.1.2-bin.tar/apache-hive-3.1.2-bin/bin:/opt/homebrew/Cellar/thrift/0.15.0/bin:/opt/homebrew/opt/bison/bin:/opt/homebrew/opt/openssl@3/bin:/opt/local/bin:/opt/local/sbin:/Applications/xampp/xamppfiles/bin:/opt/homebrew/bin:/opt/homebrew/sbin:/usr/local/bin:/usr/bin:/bin:/usr/sbin:/sbin:/Library/Apple/usr/bin:/Users/zhangziwen/codeapp/apache-maven-3.8.3/bin:/Users/zhangziwen/codeapp/spark-3.1.2-bin-hadoop3.2/bin:/Users/zhangziwen/codeapp/hadoop-3.2.2.tar/hadoop-3.2.2/bin:/Users/zhangziwen/codeapp/hadoop-3.2.2.tar/hadoop-3.2.2/sbin:/Users/zhangziwen/go
# environment
LSCOLORS = Gxfxcxdxbxegedabagacad
# environment
GOPATH = /Users/zhangziwen/go
# environment
NVM_BIN = /Users/zhangziwen/.nvm/versions/node/v15.14.0/bin
# environment
LaunchInstanceID = 16DEE873-497A-4E77-9D85-2EB7482200A0
# environment
VSCODE_LOG_STACK = true
# environment
ELECTRON_RUN_AS_NODE = 1
# environment
LDFLAGS = -L/opt/homebrew/opt/bison/lib
# default
.FEATURES := target-specific order-only second-expansion else-if archives jobserver check-symlink
# environment
SSH_AUTH_SOCK = /private/tmp/com.apple.launchd.4xH5h7JIWz/Listeners
# automatic
%F = $(notdir $%)
# environment
GOBIN = /usr/local/go/bin
# environment
CONDA_EXE = /opt/homebrew/Caskroom/miniforge/base/bin/conda
# environment
VSCODE_PIPE_LOGGING = true
# environment
HOME = /Users/zhangziwen
# environment
PWD = /Users/zhangziwen/go/src/6.824
# environment
HOMEBREW_CELLAR = /opt/homebrew/Cellar
# environment
PKG_CONFIG_PATH = /opt/homebrew/Cellar/openssl@3/3.0.0_1/lib/pkgconfig
# environment
ORIGINAL_XDG_CURRENT_DESKTOP = undefined
# environment
HADOOP_HOME = /Users/zhangziwen/codeapp/hadoop-3.2.2.tar/hadoop-3.2.2
# environment
MANPATH = /Users/zhangziwen/.nvm/versions/node/v15.14.0/share/man:/opt/homebrew/share/man::
# environment
GOMODCACHE = /Users/zhangziwen/go/pkg/mod
# environment
HIVE_HOME = /Users/zhangziwen/codeapp/apache-hive-3.1.2-bin.tar/apache-hive-3.1.2-bin
# default
MAKEFILEPATH := /Applications/Xcode.app/Contents/Developer/Makefiles
# environment
VSCODE_CODE_CACHE_PATH = /Users/zhangziwen/Library/Application Support/Code - Insiders/CachedData/9c29becfad5f68270b9b23efeafb147722c5feba
# environment
LOGNAME = zhangziwen
# environment
APPLICATION_INSIGHTS_NO_DIAGNOSTIC_CHANNEL = true
# environment
CONDA_PROMPT_MODIFIER = (base) 
# environment
NVM_CD_FLAGS = -q
# environment
ZSH = /Users/zhangziwen/.oh-my-zsh
# environment
VSCODE_HANDLES_UNCAUGHT_ERRORS = true
# automatic
^D = $(patsubst %/,%,$(dir $^))
# environment
CONDA_DEFAULT_ENV = base
# environment
XPC_FLAGS = 0x0
# default
MAKE = $(MAKE_COMMAND)
# default
MAKECMDGOALS := all
# environment
SHLVL = 1
# environment
JAVA_HOME = /Library/Java/JavaVirtualMachines/zulu-8.jdk/Contents/Home
# environment
HADOOP_CLASSPATH = /Users/zhangziwen/codeapp/hadoop-3.2.2.tar/hadoop-3.2.2/etc/hadoop:/Users/zhangziwen/codeapp/hadoop-3.2.2.tar/hadoop-3.2.2/share/hadoop/common/lib/*:/Users/zhangziwen/codeapp/hadoop-3.2.2.tar/hadoop-3.2.2/share/hadoop/common/*:/Users/zhangziwen/codeapp/hadoop-3.2.2.tar/hadoop-3.2.2/share/hadoop/hdfs:/Users/zhangziwen/codeapp/hadoop-3.2.2.tar/hadoop-3.2.2/share/hadoop/hdfs/lib/*:/Users/zhangziwen/codeapp/hadoop-3.2.2.tar/hadoop-3.2.2/share/hadoop/hdfs/*:/Users/zhangziwen/codeapp/hadoop-3.2.2.tar/hadoop-3.2.2/share/hadoop/mapreduce/lib/*:/Users/zhangziwen/codeapp/hadoop-3.2.2.tar/hadoop-3.2.2/share/hadoop/mapreduce/*:/Users/zhangziwen/codeapp/hadoop-3.2.2.tar/hadoop-3.2.2/share/hadoop/yarn:/Users/zhangziwen/codeapp/hadoop-3.2.2.tar/hadoop-3.2.2/share/hadoop/yarn/lib/*:/Users/zhangziwen/codeapp/hadoop-3.2.2.tar/hadoop-3.2.2/share/hadoop/yarn/*
# default
MAKE_VERSION := 3.81
# environment
USER = zhangziwen
# makefile
.DEFAULT_GOAL := 
# environment
LESS = -R
# automatic
%D = $(patsubst %/,%,$(dir $%))
# environment
 
CONDA_SHLVL = 1
# default
MAKE_COMMAND := /Applications/Xcode.app/Contents/Developer/usr/bin/make
# default
.VARIABLES := 
# environment
TMPDIR = /var/folders/t_/b7zvj82n5zq6xw1j86zyw_zc0000gn/T/
# automatic
*F = $(notdir $*)
# environment
VSCODE_IPC_HOOK = /Users/zhangziwen/Library/Application Support/Code - Insiders/1.68.0-insider-main.sock
# environment
SPARK_HOME = /Users/zhangziwen/codeapp/spark-3.1.2-bin-hadoop3.2
# makefile
MAKEFLAGS = Rrqp
# environment
MFLAGS = -Rrqp
# automatic
*D = $(patsubst %/,%,$(dir $*))
# environment
NVM_DIR = /Users/zhangziwen/.nvm
# environment
XPC_SERVICE_NAME = application.com.microsoft.VSCodeInsiders.29373128.29373134
# environment
HOMEBREW_PREFIX = /opt/homebrew
# automatic
+D = $(patsubst %/,%,$(dir $+))
# automatic
+F = $(notdir $+)
# environment
HOMEBREW_REPOSITORY = /opt/homebrew
# environment
__CF_USER_TEXT_ENCODING = 0x1F5:0x19:0x34
# environment
COMMAND_MODE = unix2003
# default
MAKEFILES := 
# automatic
<F = $(notdir $<)
# environment
PAGER = less
# environment
LC_ALL = C
# environment
CONDA_PYTHON_EXE = /opt/homebrew/Caskroom/miniforge/base/bin/python
# environment
SECURITYSESSIONID = 186b2
# automatic
^F = $(notdir $^)
# default
SUFFIXES := 
# environment
_CE_M = 
# default
.INCLUDE_DIRS = /usr/local/include
# environment
MAKELEVEL := 0
# environment
CONDA_PREFIX = /opt/homebrew/Caskroom/miniforge/base
# environment
VSCODE_PID = 2165
# environment
_CE_CONDA = 
# environment
LANG = C
# makefile (from `Makefile', line 6)
LABS = " lab1 lab2a lab2b lab2c lab3a lab3b lab4a lab4b "
# variable set hash-table stats:
# Load=102/1024=10%, Rehash=0, Collisions=4/127=3%

# Pattern-specific Variable Values

# No pattern-specific variable values.

# Directories

# . (device 16777232, inode 26128943): 19 files, no impossibilities.

# 19 files, no impossibilities in 1 directories.

# Implicit Rules

%: check-%
#  commands to execute (from `Makefile', line 9):
	@echo "Preparing $@-handin.tar.gz"
	@if echo $(LABS) | grep -q " $@ " ; then \
	echo "Tarring up your submission..." ; \
	tar cvzf $@-handin.tar.gz \
	"--exclude=src/main/pg-*.txt" \
	"--exclude=src/main/diskvd" \
	"--exclude=src/mapreduce/824-mrinput-*.txt" \
	"--exclude=src/main/mr-*" \
	"--exclude=mrtmp.*" \
	"--exclude=src/main/diff.out" \
	"--exclude=src/main/mrmaster" \
	"--exclude=src/main/mrsequential" \
	"--exclude=src/main/mrworker" \
	"--exclude=*.so" \
	Makefile src; \
	if ! test -e api.key ; then \
	echo "Missing $(PWD)/api.key. Please create the file with your key in it or submit the $@-handin.tar.gz via the web interface."; \
	else \
	echo "Are you sure you want to submit $@? Enter 'yes' to continue:"; \
	read line; \
	if test "$$line" != "yes" ; then echo "Giving up submission"; exit; fi; \
	if test `stat -c "%s" "$@-handin.tar.gz" 2>/dev/null || stat -f "%z" "$@-handin.tar.gz"` -ge 20971520 ; then echo "File exceeds 20MB."; exit; fi; \
	mv api.key api.key.fix ; \
	cat api.key.fix | tr -d '\n' > api.key ; \
	rm api.key.fix ; \
	curl -F file=@$@-handin.tar.gz -F "key=<api.key" \
	https://6824.scripts.mit.edu/2020/handin.py/upload > /dev/null || { \
	echo ; \
	echo "Submit seems to have failed."; \
	echo "Please upload the tarball manually on the submission website."; } \
	fi; \
	else \
	echo "Bad target $@. Usage: make [$(LABS)]"; \
	fi
	

check-%:
#  commands to execute (from `Makefile', line 46):
	@echo "Checking that your submission builds correctly..."
	@./.check-build git://g.csail.mit.edu/6.824-golabs-2020 $(patsubst check-%,%,$@)
	

# 2 implicit rules, 0 (0.0%) terminal.

# Files

check-Makefile:
#  Implicit rule search has been done.
#  Implicit/static pattern stem: `Makefile'
#  File is an intermediate prerequisite.
#  File does not exist.
#  File has not been updated.
#  commands to execute (from `Makefile', line 46):
	@echo "Checking that your submission builds correctly..."
	@./.check-build git://g.csail.mit.edu/6.824-golabs-2020 $(patsubst check-%,%,$@)
	

 
all: check-all
#  Command-line target.
#  Implicit rule search has been done.
#  Implicit/static pattern stem: `all'
#  File does not exist.
#  File has been updated.
#  Needs to be updated (-q is set).
# variable set hash-table stats:
# Load=0/32=0%, Rehash=0, Collisions=0/2=0%
#  commands to execute (from `Makefile', line 9):
	@echo "Preparing $@-handin.tar.gz"
	@if echo $(LABS) | grep -q " $@ " ; then \
	echo "Tarring up your submission..." ; \
	tar cvzf $@-handin.tar.gz \
	"--exclude=src/main/pg-*.txt" \
	"--exclude=src/main/diskvd" \
	"--exclude=src/mapreduce/824-mrinput-*.txt" \
	"--exclude=src/main/mr-*" \
	"--exclude=mrtmp.*" \
	"--exclude=src/main/diff.out" \
	"--exclude=src/main/mrmaster" \
	"--exclude=src/main/mrsequential" \
	"--exclude=src/main/mrworker" \
	"--exclude=*.so" \
	Makefile src; \
	if ! test -e api.key ; then \
	echo "Missing $(PWD)/api.key. Please create the file with your key in it or submit the $@-handin.tar.gz via the web interface."; \
	else \
	echo "Are you sure you want to submit $@? Enter 'yes' to continue:"; \
	read line; \
	if test "$$line" != "yes" ; then echo "Giving up submission"; exit; fi; \
	if test `stat -c "%s" "$@-handin.tar.gz" 2>/dev/null || stat -f "%z" "$@-handin.tar.gz"` -ge 20971520 ; then echo "File exceeds 20MB."; exit; fi; \
	mv api.key api.key.fix ; \
	cat api.key.fix | tr -d '\n' > api.key ; \
	rm api.key.fix ; \
	curl -F file=@$@-handin.tar.gz -F "key=<api.key" \
	https://6824.scripts.mit.edu/2020/handin.py/upload > /dev/null || { \
	echo ; \
	echo "Submit seems to have failed."; \
	echo "Please upload the tarball manually on the submission website."; } \
	fi; \
	else \
	echo "Bad target $@. Usage: make [$(LABS)]"; \
	fi
	

.PHONY: check-%
#  Implicit rule search has not been done.
#  Modification time never checked.
#  File has not been updated.

check-%:
#  Phony target (prerequisite of .PHONY).
#  Implicit rule search has not been done.
#  File does not exist.
#  File has not been updated.

# Not a target:
.SUFFIXES:
#  Implicit rule search has not been done.
#  Modification time never checked.
#  File has not been updated.

Makefile: check-Makefile
#  Implicit rule search has been done.
#  Implicit/static pattern stem: `Makefile'
#  Last modified 2022-05-04 17:01:18
#  File has been updated.
#  Successfully updated.
# variable set hash-table stats:
# Load=0/32=0%, Rehash=0, Collisions=0/0=0%
#  commands to execute (from `Makefile', line 9):
	@echo "Preparing $@-handin.tar.gz"
	@if echo $(LABS) | grep -q " $@ " ; then \
	echo "Tarring up your submission..." ; \
	tar cvzf $@-handin.tar.gz \
	"--exclude=src/main/pg-*.txt" \
	"--exclude=src/main/diskvd" \
	"--exclude=src/mapreduce/824-mrinput-*.txt" \
	"--exclude=src/main/mr-*" \
	"--exclude=mrtmp.*" \
	"--exclude=src/main/diff.out" \
	"--exclude=src/main/mrmaster" \
	"--exclude=src/main/mrsequential" \
	"--exclude=src/main/mrworker" \
	"--exclude=*.so" \
	Makefile src; \
	if ! test -e api.key ; then \
	echo "Missing $(PWD)/api.key. Please create the file with your key in it or submit the $@-handin.tar.gz via the web interface."; \
	else \
	echo "Are you sure you want to submit $@? Enter 'yes' to continue:"; \
	read line; \
	if test "$$line" != "yes" ; then echo "Giving up submission"; exit; fi; \
	if test `stat -c "%s" "$@-handin.tar.gz" 2>/dev/null || stat -f "%z" "$@-handin.tar.gz"` -ge 20971520 ; then echo "File exceeds 20MB."; exit; fi; \
	mv api.key api.key.fix ; \
	cat api.key.fix | tr -d '\n' > api.key ; \
	rm api.key.fix ; \
	curl -F file=@$@-handin.tar.gz -F "key=<api.key" \
	https://6824.scripts.mit.edu/2020/handin.py/upload > /dev/null || { \
	echo ; \
	echo "Submit seems to have failed."; \
	echo "Please upload the tarball manually on the submission website."; } \
	fi; \
	else \
	echo "Bad target $@. Usage: make [$(LABS)]"; \
	fi
	

# Not a target:
.DEFAULT:
#  Implicit rule search has not been done.
#  Modification time never checked.
#  File has not been updated.

check-all:
#  Implicit rule search has been done.
#  Implicit/static pattern stem: `all'
#  File is an intermediate prerequisite.
#  File does not exist.
#  File has been updated.
#  Needs to be updated (-q is set).
# automatic
# @ := check-all
# automatic
# % := 
# automatic
# * := all
# automatic
# + := 
# automatic
# | := 
# automatic
# < := 
# automatic
# ^ := 
# automatic
# ? := 
# variable set hash-table stats:
# Load=8/32=25%, Rehash=0, Collisions=1/11=9%
#  commands to execute (from `Makefile', line 46):
	@echo "Checking that your submission builds correctly..."
	@./.check-build git://g.csail.mit.edu/6.824-golabs-2020 $(patsubst check-%,%,$@)
	

# files hash-table stats:
# Load=8/1024=1%, Rehash=0, Collisions=0/35=0%
# VPATH Search Paths

# No `vpath' search paths.

# No general (`VPATH' variable) search path.

# # of strings in strcache: 1
# # of strcache buffers: 1
# strcache size: total = 4096 / max = 4096 / min = 4096 / avg = 4096
# strcache free: total = 4087 / max = 4087 / min = 4087 / avg = 4087

# Finished Make data base on Tue May 17 17:26:34 2022

 
